# JRE version: OpenJDK Runtime Environment (8.0_152-b01) (build 1.8.0_152-release-1343-b01)
# Java VM: OpenJDK 64-Bit Server VM (25.152-b01 mixed mode windows-amd64 compressed oops)
Heap:
 PSYoungGen      total 243200K, used 119141K [0x00000000d5580000, 0x00000000e7c00000, 0x0000000100000000)
  eden space 183296K, 45% used [0x00000000d5580000,0x00000000da6d05c8,0x00000000e0880000)
  from space 59904K, 59% used [0x00000000e0880000,0x00000000e2b891a0,0x00000000e4300000)
  to   space 57344K, 0% used [0x00000000e4400000,0x00000000e4400000,0x00000000e7c00000)
 ParOldGen       total 252416K, used 62929K [0x0000000080000000, 0x000000008f680000, 0x00000000d5580000)
  object space 252416K, 24% used [0x0000000080000000,0x0000000083d74738,0x000000008f680000)
 Metaspace       used 93351K, capacity 100354K, committed 101504K, reserved 1138688K
  class space    used 11372K, capacity 12694K, committed 12928K, reserved 1048576K
GC Heap History (10 events):
Event: 3991.071 GC heap before
{Heap before GC invocations=51 (full 4):
 PSYoungGen      total 240128K, used 210434K [0x00000000d5580000, 0x00000000e8200000, 0x0000000100000000)
  eden space 177664K, 100% used [0x00000000d5580000,0x00000000e0300000,0x00000000e0300000)
  from space 62464K, 52% used [0x00000000e4500000,0x00000000e65008e8,0x00000000e8200000)
  to   space 65024K, 0% used [0x00000000e0300000,0x00000000e0300000,0x00000000e4280000)
 ParOldGen       total 252416K, used 62897K [0x0000000080000000, 0x000000008f680000, 0x00000000d5580000)
  object space 252416K, 24% used [0x0000000080000000,0x0000000083d6c738,0x000000008f680000)
 Metaspace       used 92908K, capacity 99910K, committed 101248K, reserved 1138688K
  class space    used 11367K, capacity 12686K, committed 12928K, reserved 1048576K
Event: 3991.083 GC heap after
Heap after GC invocations=51 (full 4):
 PSYoungGen      total 242688K, used 12692K [0x00000000d5580000, 0x00000000e8900000, 0x0000000100000000)
  eden space 177664K, 0% used [0x00000000d5580000,0x00000000d5580000,0x00000000e0300000)
  from space 65024K, 19% used [0x00000000e0300000,0x00000000e0f65178,0x00000000e4280000)
  to   space 66560K, 0% used [0x00000000e4800000,0x00000000e4800000,0x00000000e8900000)
 ParOldGen       total 252416K, used 62905K [0x0000000080000000, 0x000000008f680000, 0x00000000d5580000)
  object space 252416K, 24% used [0x0000000080000000,0x0000000083d6e738,0x000000008f680000)
 Metaspace       used 92908K, capacity 99910K, committed 101248K, reserved 1138688K
  class space    used 11367K, capacity 12686K, committed 12928K, reserved 1048576K
}
Event: 4026.104 GC heap before
{Heap before GC invocations=52 (full 4):
 PSYoungGen      total 242688K, used 190356K [0x00000000d5580000, 0x00000000e8900000, 0x0000000100000000)
  eden space 177664K, 100% used [0x00000000d5580000,0x00000000e0300000,0x00000000e0300000)
  from space 65024K, 19% used [0x00000000e0300000,0x00000000e0f65178,0x00000000e4280000)
  to   space 66560K, 0% used [0x00000000e4800000,0x00000000e4800000,0x00000000e8900000)
 ParOldGen       total 252416K, used 62905K [0x0000000080000000, 0x000000008f680000, 0x00000000d5580000)
  object space 252416K, 24% used [0x0000000080000000,0x0000000083d6e738,0x000000008f680000)
 Metaspace       used 93018K, capacity 99996K, committed 101248K, reserved 1138688K
  class space    used 11370K, capacity 12689K, committed 12928K, reserved 1048576K
Event: 4026.138 GC heap after
Heap after GC invocations=52 (full 4):
 PSYoungGen      total 242176K, used 33682K [0x00000000d5580000, 0x00000000e8380000, 0x0000000100000000)
  eden space 181248K, 0% used [0x00000000d5580000,0x00000000d5580000,0x00000000e0680000)
  from space 60928K, 55% used [0x00000000e4800000,0x00000000e68e48d8,0x00000000e8380000)
  to   space 64000K, 0% used [0x00000000e0680000,0x00000000e0680000,0x00000000e4500000)
 ParOldGen       total 252416K, used 62913K [0x0000000080000000, 0x000000008f680000, 0x00000000d5580000)
  object space 252416K, 24% used [0x0000000080000000,0x0000000083d70738,0x000000008f680000)
 Metaspace       used 93018K, capacity 99996K, committed 101248K, reserved 1138688K
  class space    used 11370K, capacity 12689K, committed 12928K, reserved 1048576K
}
Event: 4080.448 GC heap before
{Heap before GC invocations=53 (full 4):
 PSYoungGen      total 242176K, used 214930K [0x00000000d5580000, 0x00000000e8380000, 0x0000000100000000)
  eden space 181248K, 100% used [0x00000000d5580000,0x00000000e0680000,0x00000000e0680000)
  from space 60928K, 55% used [0x00000000e4800000,0x00000000e68e48d8,0x00000000e8380000)
  to   space 64000K, 0% used [0x00000000e0680000,0x00000000e0680000,0x00000000e4500000)
 ParOldGen       total 252416K, used 62913K [0x0000000080000000, 0x000000008f680000, 0x00000000d5580000)
  object space 252416K, 24% used [0x0000000080000000,0x0000000083d70738,0x000000008f680000)
 Metaspace       used 93140K, capacity 100196K, committed 101504K, reserved 1138688K
  class space    used 11370K, capacity 12689K, committed 12928K, reserved 1048576K
Event: 4080.477 GC heap after
Heap after GC invocations=53 (full 4):
 PSYoungGen      total 245248K, used 34279K [0x00000000d5580000, 0x00000000e8100000, 0x0000000100000000)
  eden space 181248K, 0% used [0x00000000d5580000,0x00000000d5580000,0x00000000e0680000)
  from space 64000K, 53% used [0x00000000e0680000,0x00000000e27f9d88,0x00000000e4500000)
  to   space 61440K, 0% used [0x00000000e4500000,0x00000000e4500000,0x00000000e8100000)
 ParOldGen       total 252416K, used 62921K [0x0000000080000000, 0x000000008f680000, 0x00000000d5580000)
  object space 252416K, 24% used [0x0000000080000000,0x0000000083d72738,0x000000008f680000)
 Metaspace       used 93140K, capacity 100196K, committed 101504K, reserved 1138688K
  class space    used 11370K, capacity 12689K, committed 12928K, reserved 1048576K
}
Event: 4176.262 GC heap before
{Heap before GC invocations=54 (full 4):
 PSYoungGen      total 245248K, used 215527K [0x00000000d5580000, 0x00000000e8100000, 0x0000000100000000)
  eden space 181248K, 100% used [0x00000000d5580000,0x00000000e0680000,0x00000000e0680000)
  from space 64000K, 53% used [0x00000000e0680000,0x00000000e27f9d88,0x00000000e4500000)
  to   space 61440K, 0% used [0x00000000e4500000,0x00000000e4500000,0x00000000e8100000)
 ParOldGen       total 252416K, used 62921K [0x0000000080000000, 0x000000008f680000, 0x00000000d5580000)
  object space 252416K, 24% used [0x0000000080000000,0x0000000083d72738,0x000000008f680000)
 Metaspace       used 93183K, capacity 100196K, committed 101504K, reserved 1138688K
  class space    used 11370K, capacity 12689K, committed 12928K, reserved 1048576K
Event: 4176.300 GC heap after
Heap after GC invocations=54 (full 4):
 PSYoungGen      total 241152K, used 31753K [0x00000000d5580000, 0x00000000e7d80000, 0x0000000100000000)
  eden space 183296K, 0% used [0x00000000d5580000,0x00000000d5580000,0x00000000e0880000)
  from space 57856K, 54% used [0x00000000e4500000,0x00000000e64024d0,0x00000000e7d80000)
  to   space 59904K, 0% used [0x00000000e0880000,0x00000000e0880000,0x00000000e4300000)
 ParOldGen       total 252416K, used 62929K [0x0000000080000000, 0x000000008f680000, 0x00000000d5580000)
  object space 252416K, 24% used [0x0000000080000000,0x0000000083d74738,0x000000008f680000)
 Metaspace       used 93183K, capacity 100196K, committed 101504K, reserved 1138688K
  class space    used 11370K, capacity 12689K, committed 12928K, reserved 1048576K
}
Event: 4179.934 GC heap before
{Heap before GC invocations=55 (full 4):
 PSYoungGen      total 241152K, used 215049K [0x00000000d5580000, 0x00000000e7d80000, 0x0000000100000000)
  eden space 183296K, 100% used [0x00000000d5580000,0x00000000e0880000,0x00000000e0880000)
  from space 57856K, 54% used [0x00000000e4500000,0x00000000e64024d0,0x00000000e7d80000)
  to   space 59904K, 0% used [0x00000000e0880000,0x00000000e0880000,0x00000000e4300000)
 ParOldGen       total 252416K, used 62929K [0x0000000080000000, 0x000000008f680000, 0x00000000d5580000)
  object space 252416K, 24% used [0x0000000080000000,0x0000000083d74738,0x000000008f680000)
 Metaspace       used 93319K, capacity 100324K, committed 101504K, reserved 1138688K
  class space    used 11370K, capacity 12689K, committed 12928K, reserved 1048576K
Event: 4179.961 GC heap after
Heap after GC invocations=55 (full 4):
 PSYoungGen      total 243200K, used 35876K [0x00000000d5580000, 0x00000000e7c00000, 0x0000000100000000)
  eden space 183296K, 0% used [0x00000000d5580000,0x00000000d5580000,0x00000000e0880000)
  from space 59904K, 59% used [0x00000000e0880000,0x00000000e2b891a0,0x00000000e4300000)
  to   space 57344K, 0% used [0x00000000e4400000,0x00000000e4400000,0x00000000e7c00000)
 ParOldGen       total 252416K, used 62929K [0x0000000080000000, 0x000000008f680000, 0x00000000d5580000)
  object space 252416K, 24% used [0x0000000080000000,0x0000000083d74738,0x000000008f680000)
 Metaspace       used 93319K, capacity 100324K, committed 101504K, reserved 1138688K
  class space    used 11370K, capacity 12689K, committed 12928K, reserved 1048576K
}

